<?xml version="1.0" encoding="UTF-8"?>
<!-- Generated by org.testng.reporters.JUnitReportReporter -->
<testsuite hostname="GabyHPLaptop" failures="0" tests="1" name="Test01_GET" time="4.225" errors="0" timestamp="2021-05-24T14:00:25 CST" skipped="0">
  <testcase classname="Test01_GET" name="test_01" time="4.225"/>
  <system-out/>
</testsuite> <!-- Test01_GET -->
